0 info it worked if it ends with ok
1 verbose cli [ '/usr/local/bin/node', '/usr/local/bin/npm', 'start' ]
2 info using npm@3.7.3
3 info using node@v5.8.0
4 verbose run-script [ 'prestart', 'start', 'poststart' ]
5 info lifecycle daohang-server@0.0.0~prestart: daohang-server@0.0.0
6 silly lifecycle daohang-server@0.0.0~prestart: no script for prestart, continuing
7 info lifecycle daohang-server@0.0.0~start: daohang-server@0.0.0
8 verbose lifecycle daohang-server@0.0.0~start: unsafe-perm in lifecycle true
9 verbose lifecycle daohang-server@0.0.0~start: PATH: /usr/local/lib/node_modules/npm/bin/node-gyp-bin:/Users/peter/saveAll/web/daohang-server/node_modules/.bin:/usr/local/bin:/Users/peter/.rvm/gems/ruby-2.0.0-p643/bin:/Users/peter/.rvm/gems/ruby-2.0.0-p643@global/bin:/Users/peter/.rvm/rubies/ruby-2.0.0-p643/bin:/usr/local/bin:/usr/local/sbib:/usr/local/opt/php55/sbin:/usr/local/opt/php55/bin:/opt/local/bin:/opt/local/sbin:/opt/subversion/bin:/usr/local/bin:/usr/bin:/bin:/usr/sbin:/sbin:/opt/X11/bin:/usr/local/apache-maven-3.3.3/bin:/Applications/adt-bundle-mac-x86_64-20131030/sdk/platform-tools:/Applications/Araxis Merge.app/Contents/Utilities:/Users/peter/.rvm/bin
10 verbose lifecycle daohang-server@0.0.0~start: CWD: /Users/peter/saveAll/web/daohang-server
11 silly lifecycle daohang-server@0.0.0~start: Args: [ '-c', 'node ./bin/www' ]
12 silly lifecycle daohang-server@0.0.0~start: Returned: code: 1  signal: null
13 info lifecycle daohang-server@0.0.0~start: Failed to exec start script
14 verbose stack Error: daohang-server@0.0.0 start: `node ./bin/www`
14 verbose stack Exit status 1
14 verbose stack     at EventEmitter.<anonymous> (/usr/local/lib/node_modules/npm/lib/utils/lifecycle.js:239:16)
14 verbose stack     at emitTwo (events.js:100:13)
14 verbose stack     at EventEmitter.emit (events.js:185:7)
14 verbose stack     at ChildProcess.<anonymous> (/usr/local/lib/node_modules/npm/lib/utils/spawn.js:24:14)
14 verbose stack     at emitTwo (events.js:100:13)
14 verbose stack     at ChildProcess.emit (events.js:185:7)
14 verbose stack     at maybeClose (internal/child_process.js:850:16)
14 verbose stack     at Process.ChildProcess._handle.onexit (internal/child_process.js:215:5)
15 verbose pkgid daohang-server@0.0.0
16 verbose cwd /Users/peter/saveAll/web/daohang-server
17 error Darwin 15.5.0
18 error argv "/usr/local/bin/node" "/usr/local/bin/npm" "start"
19 error node v5.8.0
20 error npm  v3.7.3
21 error code ELIFECYCLE
22 error daohang-server@0.0.0 start: `node ./bin/www`
22 error Exit status 1
23 error Failed at the daohang-server@0.0.0 start script 'node ./bin/www'.
23 error Make sure you have the latest version of node.js and npm installed.
23 error If you do, this is most likely a problem with the daohang-server package,
23 error not with npm itself.
23 error Tell the author that this fails on your system:
23 error     node ./bin/www
23 error You can get information on how to open an issue for this project with:
23 error     npm bugs daohang-server
23 error Or if that isn't available, you can get their info via:
23 error     npm owner ls daohang-server
23 error There is likely additional logging output above.
24 verbose exit [ 1, true ]
